TN:
SF:src/app.js
FN:20,(anonymous_0)
FN:25,(anonymous_1)
FN:35,(anonymous_2)
FNF:3
FNH:0
FNDA:0,(anonymous_0)
FNDA:0,(anonymous_1)
FNDA:0,(anonymous_2)
DA:1,0
DA:2,0
DA:3,0
DA:4,0
DA:5,0
DA:7,0
DA:10,0
DA:11,0
DA:12,0
DA:13,0
DA:14,0
DA:17,0
DA:20,0
DA:21,0
DA:25,0
DA:26,0
DA:27,0
DA:35,0
DA:36,0
DA:42,0
LF:20
LH:0
BRDA:30,0,0,0
BRDA:30,0,1,0
BRF:2
BRH:0
end_of_record
TN:
SF:src/server.js
FN:27,(anonymous_0)
FN:47,(anonymous_1)
FN:58,startServer
FN:72,(anonymous_3)
FN:86,(anonymous_4)
FN:92,(anonymous_5)
FNF:6
FNH:0
FNDA:0,(anonymous_0)
FNDA:0,(anonymous_1)
FNDA:0,startServer
FNDA:0,(anonymous_3)
FNDA:0,(anonymous_4)
FNDA:0,(anonymous_5)
DA:1,0
DA:2,0
DA:3,0
DA:4,0
DA:5,0
DA:7,0
DA:8,0
DA:9,0
DA:10,0
DA:11,0
DA:13,0
DA:14,0
DA:17,0
DA:18,0
DA:19,0
DA:23,0
DA:24,0
DA:27,0
DA:28,0
DA:30,0
DA:44,0
DA:47,0
DA:48,0
DA:55,0
DA:59,0
DA:61,0
DA:64,0
DA:65,0
DA:68,0
DA:69,0
DA:72,0
DA:73,0
DA:74,0
DA:75,0
DA:76,0
DA:77,0
DA:80,0
DA:81,0
DA:86,0
DA:87,0
DA:88,0
DA:89,0
DA:92,0
DA:93,0
DA:94,0
DA:95,0
DA:98,0
LF:47
LH:0
BRDA:14,0,0,0
BRDA:14,0,1,0
BRDA:20,1,0,0
BRDA:20,1,1,0
BRDA:38,2,0,0
BRDA:38,2,1,0
BRDA:75,3,0,0
BRDA:75,3,1,0
BRF:8
BRH:0
end_of_record
TN:
SF:src/controllers/order.controller.js
FN:23,(anonymous_0)
FN:31,(anonymous_1)
FN:46,(anonymous_2)
FN:81,(anonymous_3)
FN:121,(anonymous_4)
FN:150,(anonymous_5)
FN:177,(anonymous_6)
FN:234,(anonymous_7)
FNF:8
FNH:7
FNDA:4,(anonymous_0)
FNDA:2,(anonymous_1)
FNDA:1,(anonymous_2)
FNDA:3,(anonymous_3)
FNDA:1,(anonymous_4)
FNDA:3,(anonymous_5)
FNDA:3,(anonymous_6)
FNDA:0,(anonymous_7)
DA:1,1
DA:2,1
DA:3,1
DA:6,1
DA:24,4
DA:26,4
DA:27,4
DA:28,2
DA:31,2
DA:36,2
DA:39,1
DA:40,1
DA:46,1
DA:56,0
DA:60,1
DA:71,1
DA:72,1
DA:82,3
DA:83,3
DA:85,3
DA:87,3
DA:88,1
DA:95,2
DA:96,2
DA:99,1
DA:102,2
DA:111,0
DA:112,0
DA:122,1
DA:123,1
DA:125,1
DA:126,0
DA:132,1
DA:134,1
DA:140,0
DA:141,0
DA:151,3
DA:152,3
DA:154,3
DA:161,2
DA:167,1
DA:168,1
DA:178,3
DA:179,3
DA:180,3
DA:183,3
DA:184,3
DA:185,1
DA:191,2
DA:193,2
DA:194,1
DA:201,1
DA:202,1
DA:203,1
DA:205,1
DA:213,0
DA:217,1
DA:224,0
DA:225,0
DA:235,0
DA:236,0
DA:237,0
DA:240,0
DA:241,0
DA:248,0
DA:249,0
DA:250,0
DA:257,0
DA:258,0
DA:265,0
DA:268,0
DA:270,0
DA:271,0
DA:278,0
DA:279,0
DA:293,0
DA:297,0
DA:312,0
DA:313,0
DA:322,1
LF:80
LH:51
BRDA:27,0,0,2
BRDA:27,0,1,2
BRDA:75,1,0,0
BRDA:75,1,1,1
BRDA:87,2,0,1
BRDA:87,2,1,2
BRDA:96,3,0,1
BRDA:96,3,1,1
BRDA:115,4,0,0
BRDA:115,4,1,0
BRDA:125,5,0,0
BRDA:125,5,1,1
BRDA:144,6,0,0
BRDA:144,6,1,0
BRDA:152,7,0,2
BRDA:152,8,0,2
BRDA:171,9,0,0
BRDA:171,9,1,1
BRDA:184,10,0,1
BRDA:184,10,1,2
BRDA:193,11,0,1
BRDA:193,11,1,1
BRDA:202,12,0,1
BRDA:202,12,1,0
BRDA:203,13,0,1
BRDA:203,13,1,0
BRDA:228,14,0,0
BRDA:228,14,1,0
BRDA:240,15,0,0
BRDA:240,15,1,0
BRDA:240,16,0,0
BRDA:240,16,1,0
BRDA:249,17,0,0
BRDA:249,17,1,0
BRDA:257,18,0,0
BRDA:257,18,1,0
BRDA:270,19,0,0
BRDA:270,19,1,0
BRDA:316,20,0,0
BRDA:316,20,1,0
BRF:40
BRH:17
end_of_record
TN:
SF:src/middleware/errorHandler.js
FN:1,(anonymous_0)
FN:13,(anonymous_1)
FNF:2
FNH:0
FNDA:0,(anonymous_0)
FNDA:0,(anonymous_1)
DA:1,0
DA:2,0
DA:5,0
DA:11,0
DA:12,0
DA:13,0
DA:14,0
DA:18,0
DA:19,0
DA:21,0
DA:22,0
DA:24,0
DA:25,0
DA:27,0
DA:28,0
DA:30,0
DA:31,0
DA:36,0
DA:37,0
DA:38,0
DA:41,0
DA:44,0
LF:22
LH:0
BRDA:11,0,0,0
BRDA:11,0,1,0
BRDA:18,1,0,0
BRDA:18,1,1,0
BRDA:19,2,0,0
BRDA:19,2,1,0
BRDA:19,2,2,0
BRDA:19,2,3,0
BRDA:36,3,0,0
BRDA:36,3,1,0
BRF:10
BRH:0
end_of_record
TN:
SF:src/models/order.model.js
FN:6,(anonymous_0)
FN:73,(anonymous_1)
FN:99,(anonymous_2)
FN:126,(anonymous_3)
FN:175,(anonymous_4)
FNF:5
FNH:5
FNDA:3,(anonymous_0)
FNDA:2,(anonymous_1)
FNDA:2,(anonymous_2)
FNDA:4,(anonymous_3)
FNDA:3,(anonymous_4)
DA:1,2
DA:2,2
DA:7,3
DA:9,3
DA:10,3
DA:12,3
DA:15,3
DA:21,3
DA:30,3
DA:31,2
DA:34,2
DA:35,2
DA:36,3
DA:42,3
DA:53,3
DA:54,3
DA:57,2
DA:59,2
DA:65,1
DA:66,1
DA:68,3
DA:74,2
DA:94,2
DA:95,2
DA:100,2
DA:121,2
DA:122,2
DA:127,4
DA:128,4
DA:130,4
DA:131,4
DA:132,4
DA:134,4
DA:135,2
DA:136,2
DA:137,2
DA:140,4
DA:141,2
DA:142,2
DA:143,2
DA:146,4
DA:168,4
DA:170,4
DA:171,4
DA:176,3
DA:183,3
DA:184,2
DA:188,2
LF:48
LH:48
BRDA:48,0,0,3
BRDA:48,0,1,3
BRDA:49,1,0,3
BRDA:49,1,1,3
BRDA:95,2,0,2
BRDA:95,2,1,1
BRDA:126,3,0,0
BRDA:127,4,0,0
BRDA:127,5,0,0
BRDA:134,6,0,2
BRDA:134,6,1,2
BRDA:140,7,0,2
BRDA:140,7,1,2
BRDA:141,8,0,1
BRDA:141,8,1,1
BRDA:184,9,0,2
BRDA:184,9,1,1
BRF:17
BRH:14
end_of_record
TN:
SF:src/routes/order.routes.js
FNF:0
FNH:0
DA:1,0
DA:2,0
DA:4,0
DA:7,0
DA:10,0
DA:13,0
DA:16,0
DA:19,0
DA:22,0
DA:24,0
LF:10
LH:0
BRF:0
BRH:0
end_of_record
TN:
SF:src/services/rabbitmq.service.js
FN:5,(anonymous_0)
FN:11,(anonymous_1)
FN:26,(anonymous_2)
FN:31,(anonymous_3)
FN:43,(anonymous_4)
FN:94,(anonymous_5)
FN:131,(anonymous_6)
FN:135,(anonymous_7)
FN:139,(anonymous_8)
FN:143,(anonymous_9)
FN:159,(anonymous_10)
FN:164,(anonymous_11)
FNF:12
FNH:1
FNDA:1,(anonymous_0)
FNDA:0,(anonymous_1)
FNDA:0,(anonymous_2)
FNDA:0,(anonymous_3)
FNDA:0,(anonymous_4)
FNDA:0,(anonymous_5)
FNDA:0,(anonymous_6)
FNDA:0,(anonymous_7)
FNDA:0,(anonymous_8)
FNDA:0,(anonymous_9)
FNDA:0,(anonymous_10)
FNDA:0,(anonymous_11)
DA:1,1
DA:2,1
DA:6,1
DA:7,1
DA:8,1
DA:12,0
DA:13,0
DA:15,0
DA:16,0
DA:17,0
DA:20,0
DA:22,0
DA:23,0
DA:26,0
DA:27,0
DA:28,0
DA:31,0
DA:32,0
DA:33,0
DA:37,0
DA:38,0
DA:39,0
DA:44,0
DA:46,0
DA:50,0
DA:55,0
DA:61,0
DA:62,0
DA:67,0
DA:68,0
DA:72,0
DA:77,0
DA:78,0
DA:84,0
DA:85,0
DA:87,0
DA:89,0
DA:90,0
DA:95,0
DA:96,0
DA:97,0
DA:100,0
DA:101,0
DA:102,0
DA:108,0
DA:118,0
DA:119,0
DA:120,0
DA:122,0
DA:123,0
DA:126,0
DA:127,0
DA:132,0
DA:136,0
DA:140,0
DA:144,0
DA:145,0
DA:146,0
DA:148,0
DA:149,0
DA:151,0
DA:152,0
DA:154,0
DA:160,0
DA:165,0
DA:174,1
DA:176,1
LF:67
LH:7
BRDA:95,0,0,0
BRDA:95,0,1,0
BRDA:95,1,0,0
BRDA:95,1,1,0
BRDA:118,2,0,0
BRDA:118,2,1,0
BRDA:145,3,0,0
BRDA:145,3,1,0
BRDA:148,4,0,0
BRDA:148,4,1,0
BRDA:160,5,0,0
BRDA:160,5,1,0
BRDA:160,5,2,0
BRF:13
BRH:0
end_of_record
